c:\users\user\downloads\igraphics\igraphics\igraphics project\igraphics project\debug\ballon.obj
c:\users\user\downloads\igraphics\igraphics\igraphics project\igraphics project\debug\vc100.pdb
c:\users\user\downloads\igraphics\igraphics\igraphics project\debug\igraphics project.ilk
c:\users\user\downloads\igraphics\igraphics\igraphics project\debug\igraphics project.exe
c:\users\user\downloads\igraphics\igraphics\igraphics project\igraphics project\debug\igraphics project.exe.intermediate.manifest
c:\users\user\downloads\igraphics\igraphics\igraphics project\debug\igraphics project.pdb
e:\shuvashis\igraphics project\igraphics project\debug\vc120.pdb
e:\shuvashis\igraphics project\igraphics project\debug\vc120.idb
e:\shuvashis\igraphics project\igraphics project\debug\ballon.obj
e:\shuvashis\igraphics project\igraphics project\debug\igraphics project.vcxprojresolveassemblyreference.cache
e:\shuvashis\igraphics project\igraphics project\debug\cl.command.1.tlog
e:\shuvashis\igraphics project\igraphics project\debug\cl.read.1.tlog
e:\shuvashis\igraphics project\igraphics project\debug\cl.write.1.tlog
e:\shuvashis\igraphics project\igraphics project\debug\igraphics project.write.1.tlog
e:\shuvashis\igraphics project\igraphics project\debug\link.command.1.tlog
e:\shuvashis\igraphics project\igraphics project\debug\link.read.1.tlog
e:\shuvashis\igraphics project\igraphics project\debug\link.write.1.tlog
e:\shuvashis\igraphics project\igraphics project\debug\mt.command.1.tlog
e:\shuvashis\igraphics project\igraphics project\debug\mt.read.1.tlog
e:\shuvashis\igraphics project\igraphics project\debug\mt.write.1.tlog
e:\shuvashis\igraphics project\igraphics project\debug\igraphics project.exe.intermediate.manifest
e:\shuvashis\igraphics project\igraphics project\debug\vc100.idb
e:\shuvashis\igraphics project\igraphics project\debug\vc100.pdb
e:\shuvashis\igraphics project\debug\igraphics project.pdb
e:\shuvashis\igraphics project\igraphics project\debug\igraphic.0bccfb46.tlog\cl.command.1.tlog
e:\shuvashis\igraphics project\igraphics project\debug\igraphic.0bccfb46.tlog\cl.read.1.tlog
e:\shuvashis\igraphics project\igraphics project\debug\igraphic.0bccfb46.tlog\cl.write.1.tlog
e:\shuvashis\igraphics project\igraphics project\debug\igraphic.0bccfb46.tlog\link.command.1.tlog
e:\shuvashis\igraphics project\igraphics project\debug\igraphic.0bccfb46.tlog\link.read.1.tlog
e:\shuvashis\igraphics project\igraphics project\debug\igraphic.0bccfb46.tlog\link.write.1.tlog
